{
  "numFailedTestSuites": 3,
  "numFailedTests": 4,
  "numPassedTestSuites": 0,
  "numPassedTests": 0,
  "numPendingTestSuites": 0,
  "numPendingTests": 0,
  "numRuntimeErrorTestSuites": 1,
  "numTodoTests": 0,
  "numTotalTestSuites": 3,
  "numTotalTests": 4,
  "openHandles": [],
  "snapshot": {
    "added": 0,
    "didUpdate": false,
    "failure": false,
    "filesAdded": 0,
    "filesRemoved": 0,
    "filesRemovedList": [],
    "filesUnmatched": 0,
    "filesUpdated": 0,
    "matched": 0,
    "total": 0,
    "unchecked": 0,
    "uncheckedKeysByFile": [],
    "unmatched": 0,
    "updated": 0
  },
  "startTime": 1699205761409,
  "success": false,
  "testResults": [
    {
      "leaks": false,
      "numFailingTests": 2,
      "numPassingTests": 0,
      "numPendingTests": 0,
      "numTodoTests": 0,
      "openHandles": [],
      "perfStats": {
        "end": 1699205761701,
        "runtime": 252,
        "slow": false,
        "start": 1699205761449
      },
      "skipped": false,
      "snapshot": {
        "added": 0,
        "fileDeleted": false,
        "matched": 0,
        "unchecked": 0,
        "uncheckedKeys": [],
        "unmatched": 0,
        "updated": 0
      },
      "testFilePath": "/Users/aliciacortinezlopez/Desktop/Bootcamp1/core/Backend/ejercicio_API_REST_films_con_test/test/fetchFilms.test.js",
      "testResults": [
        {
          "ancestorTitles": [
            "fetchFilm utility"
          ],
          "duration": 0,
          "failureDetails": [
            {}
          ],
          "failureMessages": [
            "TypeError: fetchFilm is not a function\n    at Object.fetchFilm (/Users/aliciacortinezlopez/Desktop/Bootcamp1/core/Backend/ejercicio_API_REST_films_con_test/test/fetchFilms.test.js:5:24)\n    at Promise.then.completed (/Users/aliciacortinezlopez/Desktop/Bootcamp1/core/Backend/ejercicio_API_REST_films_con_test/node_modules/jest-circus/build/utils.js:298:28)\n    at new Promise (<anonymous>)\n    at callAsyncCircusFn (/Users/aliciacortinezlopez/Desktop/Bootcamp1/core/Backend/ejercicio_API_REST_films_con_test/node_modules/jest-circus/build/utils.js:231:10)\n    at _callCircusTest (/Users/aliciacortinezlopez/Desktop/Bootcamp1/core/Backend/ejercicio_API_REST_films_con_test/node_modules/jest-circus/build/run.js:316:40)\n    at processTicksAndRejections (node:internal/process/task_queues:95:5)\n    at _runTest (/Users/aliciacortinezlopez/Desktop/Bootcamp1/core/Backend/ejercicio_API_REST_films_con_test/node_modules/jest-circus/build/run.js:252:3)\n    at _runTestsForDescribeBlock (/Users/aliciacortinezlopez/Desktop/Bootcamp1/core/Backend/ejercicio_API_REST_films_con_test/node_modules/jest-circus/build/run.js:126:9)\n    at _runTestsForDescribeBlock (/Users/aliciacortinezlopez/Desktop/Bootcamp1/core/Backend/ejercicio_API_REST_films_con_test/node_modules/jest-circus/build/run.js:121:9)\n    at run (/Users/aliciacortinezlopez/Desktop/Bootcamp1/core/Backend/ejercicio_API_REST_films_con_test/node_modules/jest-circus/build/run.js:71:3)\n    at runAndTransformResultsToJestFormat (/Users/aliciacortinezlopez/Desktop/Bootcamp1/core/Backend/ejercicio_API_REST_films_con_test/node_modules/jest-circus/build/legacy-code-todo-rewrite/jestAdapterInit.js:122:21)\n    at jestAdapter (/Users/aliciacortinezlopez/Desktop/Bootcamp1/core/Backend/ejercicio_API_REST_films_con_test/node_modules/jest-circus/build/legacy-code-todo-rewrite/jestAdapter.js:79:19)\n    at runTestInternal (/Users/aliciacortinezlopez/Desktop/Bootcamp1/core/Backend/ejercicio_API_REST_films_con_test/node_modules/jest-runner/build/runTest.js:367:16)\n    at runTest (/Users/aliciacortinezlopez/Desktop/Bootcamp1/core/Backend/ejercicio_API_REST_films_con_test/node_modules/jest-runner/build/runTest.js:444:34)"
          ],
          "fullName": "fetchFilm utility should return movie details for a known movie",
          "invocations": 1,
          "location": null,
          "numPassingAsserts": 0,
          "retryReasons": [],
          "status": "failed",
          "title": "should return movie details for a known movie"
        },
        {
          "ancestorTitles": [
            "fetchFilm utility"
          ],
          "duration": 0,
          "failureDetails": [
            {}
          ],
          "failureMessages": [
            "TypeError: fetchFilm is not a function\n    at Object.fetchFilm (/Users/aliciacortinezlopez/Desktop/Bootcamp1/core/Backend/ejercicio_API_REST_films_con_test/test/fetchFilms.test.js:17:24)\n    at Promise.then.completed (/Users/aliciacortinezlopez/Desktop/Bootcamp1/core/Backend/ejercicio_API_REST_films_con_test/node_modules/jest-circus/build/utils.js:298:28)\n    at new Promise (<anonymous>)\n    at callAsyncCircusFn (/Users/aliciacortinezlopez/Desktop/Bootcamp1/core/Backend/ejercicio_API_REST_films_con_test/node_modules/jest-circus/build/utils.js:231:10)\n    at _callCircusTest (/Users/aliciacortinezlopez/Desktop/Bootcamp1/core/Backend/ejercicio_API_REST_films_con_test/node_modules/jest-circus/build/run.js:316:40)\n    at processTicksAndRejections (node:internal/process/task_queues:95:5)\n    at _runTest (/Users/aliciacortinezlopez/Desktop/Bootcamp1/core/Backend/ejercicio_API_REST_films_con_test/node_modules/jest-circus/build/run.js:252:3)\n    at _runTestsForDescribeBlock (/Users/aliciacortinezlopez/Desktop/Bootcamp1/core/Backend/ejercicio_API_REST_films_con_test/node_modules/jest-circus/build/run.js:126:9)\n    at _runTestsForDescribeBlock (/Users/aliciacortinezlopez/Desktop/Bootcamp1/core/Backend/ejercicio_API_REST_films_con_test/node_modules/jest-circus/build/run.js:121:9)\n    at run (/Users/aliciacortinezlopez/Desktop/Bootcamp1/core/Backend/ejercicio_API_REST_films_con_test/node_modules/jest-circus/build/run.js:71:3)\n    at runAndTransformResultsToJestFormat (/Users/aliciacortinezlopez/Desktop/Bootcamp1/core/Backend/ejercicio_API_REST_films_con_test/node_modules/jest-circus/build/legacy-code-todo-rewrite/jestAdapterInit.js:122:21)\n    at jestAdapter (/Users/aliciacortinezlopez/Desktop/Bootcamp1/core/Backend/ejercicio_API_REST_films_con_test/node_modules/jest-circus/build/legacy-code-todo-rewrite/jestAdapter.js:79:19)\n    at runTestInternal (/Users/aliciacortinezlopez/Desktop/Bootcamp1/core/Backend/ejercicio_API_REST_films_con_test/node_modules/jest-runner/build/runTest.js:367:16)\n    at runTest (/Users/aliciacortinezlopez/Desktop/Bootcamp1/core/Backend/ejercicio_API_REST_films_con_test/node_modules/jest-runner/build/runTest.js:444:34)"
          ],
          "fullName": "fetchFilm utility should return null for a non-existent movie",
          "invocations": 1,
          "location": null,
          "numPassingAsserts": 0,
          "retryReasons": [],
          "status": "failed",
          "title": "should return null for a non-existent movie"
        }
      ],
      "failureMessage": "\u001b[1m\u001b[31m  \u001b[1m● \u001b[22m\u001b[1mfetchFilm utility › should return movie details for a known movie\u001b[39m\u001b[22m\n\n    TypeError: fetchFilm is not a function\n\u001b[2m\u001b[22m\n\u001b[2m    \u001b[0m \u001b[90m 3 |\u001b[39m describe(\u001b[32m'fetchFilm utility'\u001b[39m\u001b[33m,\u001b[39m () \u001b[33m=>\u001b[39m {\u001b[0m\u001b[22m\n\u001b[2m    \u001b[0m \u001b[90m 4 |\u001b[39m   it(\u001b[32m'should return movie details for a known movie'\u001b[39m\u001b[33m,\u001b[39m \u001b[36masync\u001b[39m () \u001b[33m=>\u001b[39m {\u001b[0m\u001b[22m\n\u001b[2m    \u001b[0m\u001b[31m\u001b[1m>\u001b[22m\u001b[2m\u001b[39m\u001b[90m 5 |\u001b[39m     \u001b[36mconst\u001b[39m data \u001b[33m=\u001b[39m \u001b[36mawait\u001b[39m fetchFilm(\u001b[32m'Inception'\u001b[39m)\u001b[33m;\u001b[39m\u001b[0m\u001b[22m\n\u001b[2m    \u001b[0m \u001b[90m   |\u001b[39m                        \u001b[31m\u001b[1m^\u001b[22m\u001b[2m\u001b[39m\u001b[0m\u001b[22m\n\u001b[2m    \u001b[0m \u001b[90m 6 |\u001b[39m     expect(data)\u001b[33m.\u001b[39mtoBeDefined()\u001b[33m;\u001b[39m\u001b[0m\u001b[22m\n\u001b[2m    \u001b[0m \u001b[90m 7 |\u001b[39m     \u001b[36mif\u001b[39m (\u001b[33m!\u001b[39mdata) {\u001b[0m\u001b[22m\n\u001b[2m    \u001b[0m \u001b[90m 8 |\u001b[39m       console\u001b[33m.\u001b[39merror(\u001b[32m\"Expected movie details for 'Inception', but got nothing.\"\u001b[39m)\u001b[33m;\u001b[39m\u001b[0m\u001b[22m\n\u001b[2m\u001b[22m\n\u001b[2m      \u001b[2mat Object.fetchFilm (\u001b[22m\u001b[2m\u001b[0m\u001b[36mtest/fetchFilms.test.js\u001b[39m\u001b[0m\u001b[2m:5:24)\u001b[22m\u001b[2m\u001b[22m\n\n\u001b[1m\u001b[31m  \u001b[1m● \u001b[22m\u001b[1mfetchFilm utility › should return null for a non-existent movie\u001b[39m\u001b[22m\n\n    TypeError: fetchFilm is not a function\n\u001b[2m\u001b[22m\n\u001b[2m    \u001b[0m \u001b[90m 15 |\u001b[39m   \u001b[0m\u001b[22m\n\u001b[2m    \u001b[0m \u001b[90m 16 |\u001b[39m   it(\u001b[32m'should return null for a non-existent movie'\u001b[39m\u001b[33m,\u001b[39m \u001b[36masync\u001b[39m () \u001b[33m=>\u001b[39m {\u001b[0m\u001b[22m\n\u001b[2m    \u001b[0m\u001b[31m\u001b[1m>\u001b[22m\u001b[2m\u001b[39m\u001b[90m 17 |\u001b[39m     \u001b[36mconst\u001b[39m data \u001b[33m=\u001b[39m \u001b[36mawait\u001b[39m fetchFilm(\u001b[32m'NonExistentMovie12345'\u001b[39m)\u001b[33m;\u001b[39m\u001b[0m\u001b[22m\n\u001b[2m    \u001b[0m \u001b[90m    |\u001b[39m                        \u001b[31m\u001b[1m^\u001b[22m\u001b[2m\u001b[39m\u001b[0m\u001b[22m\n\u001b[2m    \u001b[0m \u001b[90m 18 |\u001b[39m     expect(data)\u001b[33m.\u001b[39mtoBeNull()\u001b[33m;\u001b[39m\u001b[0m\u001b[22m\n\u001b[2m    \u001b[0m \u001b[90m 19 |\u001b[39m     \u001b[36mif\u001b[39m (data) {\u001b[0m\u001b[22m\n\u001b[2m    \u001b[0m \u001b[90m 20 |\u001b[39m       console\u001b[33m.\u001b[39merror(\u001b[32m\"Expected no movie details for 'NonExistentMovie12345', but got some data.\"\u001b[39m)\u001b[33m;\u001b[39m\u001b[0m\u001b[22m\n\u001b[2m\u001b[22m\n\u001b[2m      \u001b[2mat Object.fetchFilm (\u001b[22m\u001b[2m\u001b[0m\u001b[36mtest/fetchFilms.test.js\u001b[39m\u001b[0m\u001b[2m:17:24)\u001b[22m\u001b[2m\u001b[22m\n"
    },
    {
      "leaks": false,
      "numFailingTests": 2,
      "numPassingTests": 0,
      "numPendingTests": 0,
      "numTodoTests": 0,
      "openHandles": [],
      "perfStats": {
        "end": 1699205762307,
        "runtime": 512,
        "slow": false,
        "start": 1699205761795
      },
      "skipped": false,
      "snapshot": {
        "added": 0,
        "fileDeleted": false,
        "matched": 0,
        "unchecked": 0,
        "uncheckedKeys": [],
        "unmatched": 0,
        "updated": 0
      },
      "testFilePath": "/Users/aliciacortinezlopez/Desktop/Bootcamp1/core/Backend/ejercicio_API_REST_films_con_test/test/env.test.js",
      "testResults": [
        {
          "ancestorTitles": [
            "Environment setup"
          ],
          "duration": 2,
          "failureDetails": [
            {
              "matcherResult": {
                "actual": false,
                "expected": true,
                "message": "\u001b[2mexpect(\u001b[22m\u001b[31mreceived\u001b[39m\u001b[2m).\u001b[22mtoBe\u001b[2m(\u001b[22m\u001b[32mexpected\u001b[39m\u001b[2m) // Object.is equality\u001b[22m\n\nExpected: \u001b[32mtrue\u001b[39m\nReceived: \u001b[31mfalse\u001b[39m",
                "name": "toBe",
                "pass": false
              }
            }
          ],
          "failureMessages": [
            "Error: \u001b[2mexpect(\u001b[22m\u001b[31mreceived\u001b[39m\u001b[2m).\u001b[22mtoBe\u001b[2m(\u001b[22m\u001b[32mexpected\u001b[39m\u001b[2m) // Object.is equality\u001b[22m\n\nExpected: \u001b[32mtrue\u001b[39m\nReceived: \u001b[31mfalse\u001b[39m\n    at Object.toBe (/Users/aliciacortinezlopez/Desktop/Bootcamp1/core/Backend/ejercicio_API_REST_films_con_test/test/env.test.js:8:24)\n    at Promise.then.completed (/Users/aliciacortinezlopez/Desktop/Bootcamp1/core/Backend/ejercicio_API_REST_films_con_test/node_modules/jest-circus/build/utils.js:298:28)\n    at new Promise (<anonymous>)\n    at callAsyncCircusFn (/Users/aliciacortinezlopez/Desktop/Bootcamp1/core/Backend/ejercicio_API_REST_films_con_test/node_modules/jest-circus/build/utils.js:231:10)\n    at _callCircusTest (/Users/aliciacortinezlopez/Desktop/Bootcamp1/core/Backend/ejercicio_API_REST_films_con_test/node_modules/jest-circus/build/run.js:316:40)\n    at _runTest (/Users/aliciacortinezlopez/Desktop/Bootcamp1/core/Backend/ejercicio_API_REST_films_con_test/node_modules/jest-circus/build/run.js:252:3)\n    at _runTestsForDescribeBlock (/Users/aliciacortinezlopez/Desktop/Bootcamp1/core/Backend/ejercicio_API_REST_films_con_test/node_modules/jest-circus/build/run.js:126:9)\n    at _runTestsForDescribeBlock (/Users/aliciacortinezlopez/Desktop/Bootcamp1/core/Backend/ejercicio_API_REST_films_con_test/node_modules/jest-circus/build/run.js:121:9)\n    at run (/Users/aliciacortinezlopez/Desktop/Bootcamp1/core/Backend/ejercicio_API_REST_films_con_test/node_modules/jest-circus/build/run.js:71:3)\n    at runAndTransformResultsToJestFormat (/Users/aliciacortinezlopez/Desktop/Bootcamp1/core/Backend/ejercicio_API_REST_films_con_test/node_modules/jest-circus/build/legacy-code-todo-rewrite/jestAdapterInit.js:122:21)\n    at jestAdapter (/Users/aliciacortinezlopez/Desktop/Bootcamp1/core/Backend/ejercicio_API_REST_films_con_test/node_modules/jest-circus/build/legacy-code-todo-rewrite/jestAdapter.js:79:19)\n    at runTestInternal (/Users/aliciacortinezlopez/Desktop/Bootcamp1/core/Backend/ejercicio_API_REST_films_con_test/node_modules/jest-runner/build/runTest.js:367:16)\n    at runTest (/Users/aliciacortinezlopez/Desktop/Bootcamp1/core/Backend/ejercicio_API_REST_films_con_test/node_modules/jest-runner/build/runTest.js:444:34)"
          ],
          "fullName": "Environment setup should have a .env file in the root directory",
          "invocations": 1,
          "location": null,
          "numPassingAsserts": 0,
          "retryReasons": [],
          "status": "failed",
          "title": "should have a .env file in the root directory"
        },
        {
          "ancestorTitles": [
            "Environment setup"
          ],
          "duration": 5,
          "failureDetails": [
            {
              "matcherResult": {
                "message": "\u001b[2mexpect(\u001b[22m\u001b[31mreceived\u001b[39m\u001b[2m).\u001b[22mtoBeDefined\u001b[2m()\u001b[22m\n\nReceived: \u001b[31mundefined\u001b[39m",
                "pass": false
              }
            }
          ],
          "failureMessages": [
            "Error: \u001b[2mexpect(\u001b[22m\u001b[31mreceived\u001b[39m\u001b[2m).\u001b[22mtoBeDefined\u001b[2m()\u001b[22m\n\nReceived: \u001b[31mundefined\u001b[39m\n    at Object.toBeDefined (/Users/aliciacortinezlopez/Desktop/Bootcamp1/core/Backend/ejercicio_API_REST_films_con_test/test/env.test.js:14:20)\n    at Promise.then.completed (/Users/aliciacortinezlopez/Desktop/Bootcamp1/core/Backend/ejercicio_API_REST_films_con_test/node_modules/jest-circus/build/utils.js:298:28)\n    at new Promise (<anonymous>)\n    at callAsyncCircusFn (/Users/aliciacortinezlopez/Desktop/Bootcamp1/core/Backend/ejercicio_API_REST_films_con_test/node_modules/jest-circus/build/utils.js:231:10)\n    at _callCircusTest (/Users/aliciacortinezlopez/Desktop/Bootcamp1/core/Backend/ejercicio_API_REST_films_con_test/node_modules/jest-circus/build/run.js:316:40)\n    at _runTest (/Users/aliciacortinezlopez/Desktop/Bootcamp1/core/Backend/ejercicio_API_REST_films_con_test/node_modules/jest-circus/build/run.js:252:3)\n    at _runTestsForDescribeBlock (/Users/aliciacortinezlopez/Desktop/Bootcamp1/core/Backend/ejercicio_API_REST_films_con_test/node_modules/jest-circus/build/run.js:126:9)\n    at _runTestsForDescribeBlock (/Users/aliciacortinezlopez/Desktop/Bootcamp1/core/Backend/ejercicio_API_REST_films_con_test/node_modules/jest-circus/build/run.js:121:9)\n    at run (/Users/aliciacortinezlopez/Desktop/Bootcamp1/core/Backend/ejercicio_API_REST_films_con_test/node_modules/jest-circus/build/run.js:71:3)\n    at runAndTransformResultsToJestFormat (/Users/aliciacortinezlopez/Desktop/Bootcamp1/core/Backend/ejercicio_API_REST_films_con_test/node_modules/jest-circus/build/legacy-code-todo-rewrite/jestAdapterInit.js:122:21)\n    at jestAdapter (/Users/aliciacortinezlopez/Desktop/Bootcamp1/core/Backend/ejercicio_API_REST_films_con_test/node_modules/jest-circus/build/legacy-code-todo-rewrite/jestAdapter.js:79:19)\n    at runTestInternal (/Users/aliciacortinezlopez/Desktop/Bootcamp1/core/Backend/ejercicio_API_REST_films_con_test/node_modules/jest-runner/build/runTest.js:367:16)\n    at runTest (/Users/aliciacortinezlopez/Desktop/Bootcamp1/core/Backend/ejercicio_API_REST_films_con_test/node_modules/jest-runner/build/runTest.js:444:34)"
          ],
          "fullName": "Environment setup should have API_KEY defined in the .env file",
          "invocations": 1,
          "location": null,
          "numPassingAsserts": 0,
          "retryReasons": [],
          "status": "failed",
          "title": "should have API_KEY defined in the .env file"
        }
      ],
      "failureMessage": "\u001b[1m\u001b[31m  \u001b[1m● \u001b[22m\u001b[1mEnvironment setup › should have a .env file in the root directory\u001b[39m\u001b[22m\n\n    \u001b[2mexpect(\u001b[22m\u001b[31mreceived\u001b[39m\u001b[2m).\u001b[22mtoBe\u001b[2m(\u001b[22m\u001b[32mexpected\u001b[39m\u001b[2m) // Object.is equality\u001b[22m\n\n    Expected: \u001b[32mtrue\u001b[39m\n    Received: \u001b[31mfalse\u001b[39m\n\u001b[2m\u001b[22m\n\u001b[2m    \u001b[0m \u001b[90m  6 |\u001b[39m     \u001b[36mconst\u001b[39m envPath \u001b[33m=\u001b[39m path\u001b[33m.\u001b[39mjoin(__dirname\u001b[33m,\u001b[39m \u001b[32m'..'\u001b[39m\u001b[33m,\u001b[39m \u001b[32m'.env'\u001b[39m)\u001b[33m;\u001b[39m\u001b[0m\u001b[22m\n\u001b[2m    \u001b[0m \u001b[90m  7 |\u001b[39m     \u001b[36mconst\u001b[39m fileExists \u001b[33m=\u001b[39m fs\u001b[33m.\u001b[39mexistsSync(envPath)\u001b[33m;\u001b[39m\u001b[0m\u001b[22m\n\u001b[2m    \u001b[0m\u001b[31m\u001b[1m>\u001b[22m\u001b[2m\u001b[39m\u001b[90m  8 |\u001b[39m     expect(fileExists)\u001b[33m.\u001b[39mtoBe(\u001b[36mtrue\u001b[39m\u001b[33m,\u001b[39m \u001b[32m\".env file is missing in the root directory.\"\u001b[39m)\u001b[33m;\u001b[39m\u001b[0m\u001b[22m\n\u001b[2m    \u001b[0m \u001b[90m    |\u001b[39m                        \u001b[31m\u001b[1m^\u001b[22m\u001b[2m\u001b[39m\u001b[0m\u001b[22m\n\u001b[2m    \u001b[0m \u001b[90m  9 |\u001b[39m   })\u001b[33m;\u001b[39m\u001b[0m\u001b[22m\n\u001b[2m    \u001b[0m \u001b[90m 10 |\u001b[39m\u001b[0m\u001b[22m\n\u001b[2m    \u001b[0m \u001b[90m 11 |\u001b[39m   it(\u001b[32m'should have API_KEY defined in the .env file'\u001b[39m\u001b[33m,\u001b[39m () \u001b[33m=>\u001b[39m {\u001b[0m\u001b[22m\n\u001b[2m\u001b[22m\n\u001b[2m      \u001b[2mat Object.toBe (\u001b[22m\u001b[2m\u001b[0m\u001b[36mtest/env.test.js\u001b[39m\u001b[0m\u001b[2m:8:24)\u001b[22m\u001b[2m\u001b[22m\n\n\u001b[1m\u001b[31m  \u001b[1m● \u001b[22m\u001b[1mEnvironment setup › should have API_KEY defined in the .env file\u001b[39m\u001b[22m\n\n    \u001b[2mexpect(\u001b[22m\u001b[31mreceived\u001b[39m\u001b[2m).\u001b[22mtoBeDefined\u001b[2m()\u001b[22m\n\n    Received: \u001b[31mundefined\u001b[39m\n\u001b[2m\u001b[22m\n\u001b[2m    \u001b[0m \u001b[90m 12 |\u001b[39m     require(\u001b[32m'dotenv'\u001b[39m)\u001b[33m.\u001b[39mconfig()\u001b[33m;\u001b[39m\u001b[0m\u001b[22m\n\u001b[2m    \u001b[0m \u001b[90m 13 |\u001b[39m     \u001b[36mconst\u001b[39m apiKey \u001b[33m=\u001b[39m process\u001b[33m.\u001b[39menv\u001b[33m.\u001b[39m\u001b[33mAPI_KEY\u001b[39m\u001b[33m;\u001b[39m\u001b[0m\u001b[22m\n\u001b[2m    \u001b[0m\u001b[31m\u001b[1m>\u001b[22m\u001b[2m\u001b[39m\u001b[90m 14 |\u001b[39m     expect(apiKey)\u001b[33m.\u001b[39mtoBeDefined()\u001b[33m;\u001b[39m\u001b[0m\u001b[22m\n\u001b[2m    \u001b[0m \u001b[90m    |\u001b[39m                    \u001b[31m\u001b[1m^\u001b[22m\u001b[2m\u001b[39m\u001b[0m\u001b[22m\n\u001b[2m    \u001b[0m \u001b[90m 15 |\u001b[39m     \u001b[36mif\u001b[39m (\u001b[33m!\u001b[39mapiKey) {\u001b[0m\u001b[22m\n\u001b[2m    \u001b[0m \u001b[90m 16 |\u001b[39m       console\u001b[33m.\u001b[39merror(\u001b[32m\"API_KEY is not defined in the .env file.\"\u001b[39m)\u001b[33m;\u001b[39m\u001b[0m\u001b[22m\n\u001b[2m    \u001b[0m \u001b[90m 17 |\u001b[39m     }\u001b[0m\u001b[22m\n\u001b[2m\u001b[22m\n\u001b[2m      \u001b[2mat Object.toBeDefined (\u001b[22m\u001b[2m\u001b[0m\u001b[36mtest/env.test.js\u001b[39m\u001b[0m\u001b[2m:14:20)\u001b[22m\u001b[2m\u001b[22m\n"
    },
    {
      "failureMessage": "  \u001b[1m● \u001b[22mTest suite failed to run\n\n    TypeError: Router.use() requires a middleware function but got a Object\n\n    \u001b[0m \u001b[90m 10 |\u001b[39m\u001b[0m\n    \u001b[0m \u001b[90m 11 |\u001b[39m \u001b[36mconst\u001b[39m filmsRouters \u001b[33m=\u001b[39m require(\u001b[32m\"./routes/films\"\u001b[39m)\u001b[33m;\u001b[39m\u001b[0m\n    \u001b[0m\u001b[31m\u001b[1m>\u001b[22m\u001b[39m\u001b[90m 12 |\u001b[39m app\u001b[33m.\u001b[39muse(\u001b[32m\"/\"\u001b[39m\u001b[33m,\u001b[39m filmsRouters)\u001b[33m;\u001b[39m\u001b[0m\n    \u001b[0m \u001b[90m    |\u001b[39m     \u001b[31m\u001b[1m^\u001b[22m\u001b[39m\u001b[0m\n    \u001b[0m \u001b[90m 13 |\u001b[39m\u001b[0m\n    \u001b[0m \u001b[90m 14 |\u001b[39m app\u001b[33m.\u001b[39mlisten(port\u001b[33m,\u001b[39m () \u001b[33m=>\u001b[39m {\u001b[0m\n    \u001b[0m \u001b[90m 15 |\u001b[39m   console\u001b[33m.\u001b[39mlog(\u001b[32m`Server listening on port ${port}`\u001b[39m)\u001b[33m;\u001b[39m\u001b[0m\n\n      \u001b[2mat Function.use (\u001b[22mnode_modules/express/lib/router/index.js\u001b[2m:469:13)\u001b[22m\n      \u001b[2mat Function.<anonymous> (\u001b[22mnode_modules/express/lib/application.js\u001b[2m:227:21)\u001b[22m\n          at Array.forEach (<anonymous>)\n      \u001b[2mat Function.use (\u001b[22mnode_modules/express/lib/application.js\u001b[2m:224:7)\u001b[22m\n      \u001b[2mat Object.use (\u001b[22mapp.js\u001b[2m:12:5)\u001b[22m\n      \u001b[2mat Object.require (\u001b[22m\u001b[0m\u001b[36mtest/films.test.js\u001b[39m\u001b[0m\u001b[2m:2:13)\u001b[22m\n",
      "leaks": false,
      "numFailingTests": 0,
      "numPassingTests": 0,
      "numPendingTests": 0,
      "numTodoTests": 0,
      "openHandles": [],
      "perfStats": {
        "end": 0,
        "runtime": 0,
        "slow": false,
        "start": 0
      },
      "skipped": false,
      "snapshot": {
        "added": 0,
        "fileDeleted": false,
        "matched": 0,
        "unchecked": 0,
        "uncheckedKeys": [],
        "unmatched": 0,
        "updated": 0
      },
      "testExecError": {},
      "testFilePath": "/Users/aliciacortinezlopez/Desktop/Bootcamp1/core/Backend/ejercicio_API_REST_films_con_test/test/films.test.js",
      "testResults": []
    }
  ],
  "wasInterrupted": false
}